<?xml version="1.0" encoding="UTF-8"?>
<robot generator="Robot 7.0 (Python 3.11.9 on win32)" generated="2026-06-15T16:02:58.549403" rpa="false" schemaversion="5">
<suite id="s1" name="Tests" source="C:\Users\aulecler\OneDrive-Capgemini\OneDrive - Capgemini\Documents\VitrineClientSOGETI\AureliaLeclercQA.github.io\TESTFACTORY\Tests">
<suite id="s1-s1" name="E2E" source="C:\Users\aulecler\OneDrive-Capgemini\OneDrive - Capgemini\Documents\VitrineClientSOGETI\AureliaLeclercQA.github.io\TESTFACTORY\Tests\E2E.robot">
<test id="s1-s1-t1" name="E2E - Test App Guest" line="33">
<kw name="Begin Web Test" owner="Common" type="SETUP">
<kw name="Setup Selenium" owner="Common">
<kw name="Register Keyword To Run On Failure" owner="SeleniumLibrary">
<msg time="2026-06-15T16:02:59.381469" level="INFO">Custom Screenshot will be run on failure.</msg>
<arg>Custom Screenshot</arg>
<doc>Sets the keyword to execute, when a SeleniumLibrary keyword fails.</doc>
<status status="PASS" start="2026-06-15T16:02:59.381469" elapsed="0.000997"/>
</kw>
<status status="PASS" start="2026-06-15T16:02:59.379464" elapsed="0.014064"/>
</kw>
<kw name="Open Portfolio" owner="Common">
<kw name="Open Browser" owner="SeleniumLibrary">
<msg time="2026-06-15T16:02:59.395537" level="INFO">Opening browser 'chrome' to base url 'https://aurelialeclercqa.github.io/'.</msg>
<arg>${PORTFOLIO_URL}</arg>
<arg>${BROWSER}</arg>
<doc>Opens a new browser instance to the optional ``url``.</doc>
<status status="PASS" start="2026-06-15T16:02:59.395537" elapsed="7.272953"/>
</kw>
<kw name="Maximize Browser Window" owner="SeleniumLibrary">
<doc>Maximizes current browser window.</doc>
<status status="PASS" start="2026-06-15T16:03:06.668490" elapsed="0.769882"/>
</kw>
<kw name="Wait Until Page Contains" owner="SeleniumLibrary">
<arg>Aurelia Leclerc QA</arg>
<arg>timeout=10s</arg>
<doc>Waits until ``text`` appears on the current page.</doc>
<status status="PASS" start="2026-06-15T16:03:07.438372" elapsed="0.154406"/>
</kw>
<status status="PASS" start="2026-06-15T16:02:59.394541" elapsed="8.199777"/>
</kw>
<kw name="Verify Portfolio Loaded" owner="Common">
<kw name="Location Should Be" owner="SeleniumLibrary">
<msg time="2026-06-15T16:03:07.688532" level="INFO">Current location is 'https://aurelialeclercqa.github.io/'.</msg>
<arg>${PORTFOLIO_URL}</arg>
<doc>Verifies that the current URL is exactly ``url``.</doc>
<status status="PASS" start="2026-06-15T16:03:07.630551" elapsed="0.058980"/>
</kw>
<status status="PASS" start="2026-06-15T16:03:07.596353" elapsed="0.093178"/>
</kw>
<kw name="Log" owner="BuiltIn">
<msg time="2026-06-15T16:03:07.693045" level="INFO">Browser: chrome</msg>
<arg>Browser: ${BROWSER}</arg>
<doc>Logs the given message with the given level.</doc>
<status status="PASS" start="2026-06-15T16:03:07.690531" elapsed="0.007088"/>
</kw>
<kw name="Log" owner="BuiltIn">
<msg time="2026-06-15T16:03:07.706184" level="INFO">Url: https://aurelialeclercqa.github.io/</msg>
<arg>Url: ${PORTFOLIO_URL}</arg>
<doc>Logs the given message with the given level.</doc>
<status status="PASS" start="2026-06-15T16:03:07.702171" elapsed="0.005007"/>
</kw>
<status status="PASS" start="2026-06-15T16:02:59.378462" elapsed="8.329717"/>
</kw>
<kw name="Go To App Guest" owner="AppGuest">
<kw name="Click Element" owner="SeleniumLibrary">
<msg time="2026-06-15T16:03:07.732233" level="INFO">Clicking element 'xpath=//div[@id="app_guest"]'.</msg>
<arg>${APP_GUEST}</arg>
<doc>Click the element identified by ``locator``.</doc>
<status status="PASS" start="2026-06-15T16:03:07.729235" elapsed="0.725454"/>
</kw>
<kw name="Wait Until Page Contains" owner="SeleniumLibrary">
<arg>Ma liste d'invités</arg>
<arg>timeout=5s</arg>
<doc>Waits until ``text`` appears on the current page.</doc>
<status status="PASS" start="2026-06-15T16:03:08.454689" elapsed="0.028537"/>
</kw>
<status status="PASS" start="2026-06-15T16:03:07.726237" elapsed="0.756989"/>
</kw>
<kw name="Verify App Guest Loaded" owner="AppGuest">
<kw name="Location Should Be" owner="SeleniumLibrary">
<msg time="2026-06-15T16:03:08.507330" level="INFO">Current location is 'https://aurelialeclercqa.github.io/pages/guest.html'.</msg>
<arg>https://aurelialeclercqa.github.io/pages/guest.html</arg>
<doc>Verifies that the current URL is exactly ``url``.</doc>
<status status="PASS" start="2026-06-15T16:03:08.486229" elapsed="0.023071"/>
</kw>
<status status="PASS" start="2026-06-15T16:03:08.484235" elapsed="0.025065"/>
</kw>
<kw name="Add Guest Name" owner="AppGuest">
<kw name="Input Text" owner="SeleniumLibrary">
<msg time="2026-06-15T16:03:08.521822" level="INFO">Typing text 'Lou' into text field 'xpath=//input[@id="guest-name"]'.</msg>
<arg>${guest_name_input}</arg>
<arg>${guest_name1}</arg>
<doc>Types the given ``text`` into the text field identified by ``locator``.</doc>
<status status="PASS" start="2026-06-15T16:03:08.519822" elapsed="0.242499"/>
</kw>
<kw name="Click Element" owner="SeleniumLibrary">
<msg time="2026-06-15T16:03:08.764321" level="INFO">Clicking element 'xpath=//button[@id="add-btn"]'.</msg>
<arg>${add_guest_button}</arg>
<doc>Click the element identified by ``locator``.</doc>
<status status="PASS" start="2026-06-15T16:03:08.763323" elapsed="0.127994"/>
</kw>
<kw name="Input Text" owner="SeleniumLibrary">
<msg time="2026-06-15T16:03:08.894315" level="INFO">Typing text 'Léo' into text field 'xpath=//input[@id="guest-name"]'.</msg>
<arg>${guest_name_input}</arg>
<arg>${guest_name2}</arg>
<doc>Types the given ``text`` into the text field identified by ``locator``.</doc>
<status status="PASS" start="2026-06-15T16:03:08.892326" elapsed="0.126788"/>
</kw>
<kw name="Click Element" owner="SeleniumLibrary">
<msg time="2026-06-15T16:03:09.021084" level="INFO">Clicking element 'xpath=//input[@id="gender-male"]'.</msg>
<arg>${gender_male_radio}</arg>
<doc>Click the element identified by ``locator``.</doc>
<status status="PASS" start="2026-06-15T16:03:09.020083" elapsed="0.112647"/>
</kw>
<kw name="Click Element" owner="SeleniumLibrary">
<msg time="2026-06-15T16:03:09.134241" level="INFO">Clicking element 'xpath=//button[@id="add-btn"]'.</msg>
<arg>${add_guest_button}</arg>
<doc>Click the element identified by ``locator``.</doc>
<status status="PASS" start="2026-06-15T16:03:09.132730" elapsed="0.079868"/>
</kw>
<kw name="Input Text" owner="SeleniumLibrary">
<msg time="2026-06-15T16:03:09.213602" level="INFO">Typing text 'Léa' into text field 'xpath=//input[@id="guest-name"]'.</msg>
<arg>${guest_name_input}</arg>
<arg>${guest_name3}</arg>
<doc>Types the given ``text`` into the text field identified by ``locator``.</doc>
<status status="PASS" start="2026-06-15T16:03:09.212598" elapsed="0.128723"/>
</kw>
<kw name="Click Element" owner="SeleniumLibrary">
<msg time="2026-06-15T16:03:09.343320" level="INFO">Clicking element 'xpath=//input[@id="gender-female"]'.</msg>
<arg>${gender_female_radio}</arg>
<doc>Click the element identified by ``locator``.</doc>
<status status="PASS" start="2026-06-15T16:03:09.342317" elapsed="0.123183"/>
</kw>
<kw name="Click Element" owner="SeleniumLibrary">
<msg time="2026-06-15T16:03:09.468498" level="INFO">Clicking element 'xpath=//button[@id="add-btn"]'.</msg>
<arg>${add_guest_button}</arg>
<doc>Click the element identified by ``locator``.</doc>
<status status="PASS" start="2026-06-15T16:03:09.466501" elapsed="0.111108"/>
</kw>
<arg>${name1}</arg>
<arg>${name2}</arg>
<arg>${name3}</arg>
<status status="PASS" start="2026-06-15T16:03:08.516825" elapsed="1.061780"/>
</kw>
<kw name="Check Guest List" owner="AppGuest">
<kw name="Wait Until Page Contains" owner="SeleniumLibrary">
<arg>${guest_name1}</arg>
<arg>timeout=5s</arg>
<doc>Waits until ``text`` appears on the current page.</doc>
<status status="PASS" start="2026-06-15T16:03:09.580603" elapsed="0.019050"/>
</kw>
<kw name="Wait Until Page Contains" owner="SeleniumLibrary">
<arg>${guest_name2}</arg>
<arg>timeout=5s</arg>
<doc>Waits until ``text`` appears on the current page.</doc>
<status status="PASS" start="2026-06-15T16:03:09.599653" elapsed="0.067753"/>
</kw>
<kw name="Wait Until Page Contains" owner="SeleniumLibrary">
<arg>${guest_name3}</arg>
<arg>timeout=5s</arg>
<doc>Waits until ``text`` appears on the current page.</doc>
<status status="PASS" start="2026-06-15T16:03:09.667406" elapsed="0.028533"/>
</kw>
<arg>${name1}</arg>
<arg>${name2}</arg>
<arg>${name3}</arg>
<status status="PASS" start="2026-06-15T16:03:09.579604" elapsed="0.117335"/>
</kw>
<kw name="End Web Test" owner="Common" type="TEARDOWN">
<kw name="Close Browser" owner="SeleniumLibrary">
<doc>Closes the current browser.</doc>
<status status="PASS" start="2026-06-15T16:03:09.698942" elapsed="2.680485"/>
</kw>
<status status="PASS" start="2026-06-15T16:03:09.697940" elapsed="2.681487"/>
</kw>
<doc>This test case verifies that the App Guest is launched successfully and do minimal verification.</doc>
<status status="PASS" start="2026-06-15T16:02:59.373467" elapsed="13.007961"/>
</test>
<status status="PASS" start="2026-06-15T16:02:58.666671" elapsed="13.727767"/>
</suite>
<status status="PASS" start="2026-06-15T16:02:58.579431" elapsed="13.828143"/>
</suite>
<statistics>
<total>
<stat pass="1" fail="0" skip="0">All Tests</stat>
</total>
<tag>
</tag>
<suite>
<stat pass="1" fail="0" skip="0" id="s1" name="Tests">Tests</stat>
<stat pass="1" fail="0" skip="0" id="s1-s1" name="E2E">Tests.E2E</stat>
</suite>
</statistics>
<errors>
</errors>
</robot>
